TN:
SF:src\app.ts
FN:12,createApp
FNF:1
FNH:1
FNDA:8,createApp
DA:13,8
DA:15,8
DA:16,8
DA:18,8
DA:19,8
DA:20,8
DA:21,8
DA:22,8
DA:23,8
DA:24,8
DA:25,8
DA:27,8
LF:12
LH:12
BRDA:15,0,0,8
BRDA:15,0,1,8
BRF:2
BRH:2
end_of_record
TN:
SF:src\index.ts
FN:9,(anonymous_0)
FNF:1
FNH:0
FNDA:0,(anonymous_0)
DA:6,0
DA:7,0
DA:9,0
DA:10,0
DA:12,0
DA:13,0
DA:14,0
DA:16,0
LF:8
LH:0
BRDA:7,0,0,0
BRDA:7,0,1,0
BRF:2
BRH:0
end_of_record
TN:
SF:src\db\check.ts
FN:4,main
FN:23,(anonymous_1)
FNF:2
FNH:0
FNDA:0,main
FNDA:0,(anonymous_1)
DA:5,0
DA:6,0
DA:8,0
DA:10,0
DA:11,0
DA:17,0
DA:23,0
DA:24,0
DA:25,0
DA:26,0
LF:10
LH:0
BRDA:6,0,0,0
BRDA:6,0,1,0
BRDA:24,1,0,0
BRDA:24,1,1,0
BRF:4
BRH:0
end_of_record
TN:
SF:src\db\index.ts
FNF:0
FNH:0
DA:5,0
DA:6,0
LF:2
LH:0
BRF:0
BRH:0
end_of_record
TN:
SF:src\lib\auth.ts
FN:12,hashToken
FN:25,createSession
FN:54,revokeAllSessions
FN:66,getActiveSanction
FNF:4
FNH:3
FNDA:7,hashToken
FNDA:2,createSession
FNDA:0,revokeAllSessions
FNDA:1,getActiveSanction
DA:13,7
DA:26,2
DA:27,2
DA:29,2
DA:30,2
DA:32,2
DA:36,2
DA:37,2
DA:39,2
DA:48,2
DA:55,0
DA:67,1
DA:68,1
DA:86,1
LF:14
LH:13
BRDA:27,0,0,0
BRDA:27,0,1,2
BRDA:29,1,0,2
BRDA:29,1,1,0
BRDA:43,2,0,2
BRDA:43,2,1,2
BRDA:44,3,0,2
BRDA:44,3,1,0
BRDA:86,4,0,1
BRDA:86,4,1,1
BRF:10
BRH:7
end_of_record
TN:
SF:src\lib\dbError.ts
FN:6,pgErrorCode
FN:12,isUniqueViolation
FNF:2
FNH:2
FNDA:4,pgErrorCode
FNDA:4,isUniqueViolation
DA:7,4
DA:8,4
DA:13,4
LF:3
LH:3
BRDA:8,0,0,4
BRDA:8,0,1,2
BRF:2
BRH:2
end_of_record
TN:
SF:src\lib\fakerApi.ts
FN:25,fetchFakerUsers
FN:32,fetchFakerTexts
FNF:2
FNH:0
FNDA:0,fetchFakerUsers
FNDA:0,fetchFakerTexts
DA:1,0
DA:26,0
DA:27,0
DA:28,0
DA:29,0
DA:33,0
DA:34,0
DA:35,0
DA:36,0
LF:9
LH:0
BRDA:25,0,0,0
BRDA:27,1,0,0
BRDA:27,1,1,0
BRDA:32,2,0,0
BRDA:34,3,0,0
BRDA:34,3,1,0
BRF:6
BRH:0
end_of_record
TN:
SF:src\lib\users.ts
FN:8,isUuid
FN:17,userPublicFields
FN:41,fetchActiveUser
FNF:3
FNH:3
FNDA:7,isUuid
FNDA:10,userPublicFields
FNDA:2,fetchActiveUser
DA:6,9
DA:9,7
DA:18,10
DA:46,2
DA:48,2
DA:54,2
DA:55,0
LF:7
LH:6
BRDA:46,0,0,2
BRDA:46,0,1,0
BRDA:54,1,0,2
BRDA:54,1,1,0
BRF:4
BRH:2
end_of_record
TN:
SF:src\lib\validation.ts
FN:35,isBanActive
FN:39,isSuspensionActive
FNF:2
FNH:2
FNDA:3,isBanActive
FNDA:4,isSuspensionActive
DA:3,1
DA:7,1
DA:12,1
DA:17,1
DA:24,1
DA:36,3
DA:40,4
LF:7
LH:7
BRDA:36,0,0,3
BRDA:36,0,1,2
BRDA:41,1,0,4
BRDA:41,1,1,3
BRDA:41,1,2,2
BRDA:41,1,3,2
BRF:6
BRH:6
end_of_record
TN:
SF:src\middleware\adminAuth.ts
FN:11,adminMiddleware
FNF:1
FNH:0
FNDA:0,adminMiddleware
DA:16,0
DA:22,0
DA:23,0
DA:24,0
DA:27,0
DA:28,0
LF:6
LH:0
BRDA:22,0,0,0
BRDA:22,0,1,0
BRDA:22,1,0,0
BRDA:22,1,1,0
BRF:4
BRH:0
end_of_record
TN:
SF:src\middleware\auth.ts
FN:11,authMiddleware
FN:48,optionalAuthMiddleware
FNF:2
FNH:0
FNDA:0,authMiddleware
FNDA:0,optionalAuthMiddleware
DA:16,0
DA:17,0
DA:18,0
DA:19,0
DA:22,0
DA:24,0
DA:25,0
DA:30,0
DA:36,0
DA:37,0
DA:38,0
DA:41,0
DA:42,0
DA:44,0
DA:53,0
DA:54,0
DA:55,0
DA:56,0
DA:59,0
DA:61,0
DA:62,0
DA:67,0
DA:73,0
DA:74,0
DA:80,0
LF:25
LH:0
BRDA:17,0,0,0
BRDA:17,0,1,0
BRDA:36,1,0,0
BRDA:36,1,1,0
BRDA:36,2,0,0
BRDA:36,2,1,0
BRDA:54,3,0,0
BRDA:54,3,1,0
BRDA:73,4,0,0
BRDA:73,4,1,0
BRDA:73,5,0,0
BRDA:73,5,1,0
BRF:12
BRH:0
end_of_record
TN:
SF:src\routes\admin.ts
FN:15,(anonymous_0)
FN:44,(anonymous_1)
FN:79,(anonymous_2)
FN:114,(anonymous_3)
FN:157,(anonymous_4)
FN:195,(anonymous_5)
FNF:6
FNH:6
FNDA:1,(anonymous_0)
FNDA:4,(anonymous_1)
FNDA:2,(anonymous_2)
FNDA:2,(anonymous_3)
FNDA:4,(anonymous_4)
FNDA:2,(anonymous_5)
DA:10,9
DA:12,9
DA:15,9
DA:16,1
DA:17,1
DA:18,1
DA:19,1
DA:23,1
DA:30,1
DA:37,0
DA:41,9
DA:44,9
DA:45,4
DA:46,4
DA:47,1
DA:50,3
DA:51,3
DA:53,3
DA:54,3
DA:60,3
DA:61,2
DA:63,1
DA:65,1
DA:72,1
DA:74,0
DA:79,9
DA:80,2
DA:81,2
DA:82,0
DA:85,2
DA:86,2
DA:88,2
DA:89,2
DA:95,2
DA:96,2
DA:98,1
DA:100,1
DA:107,1
DA:109,0
DA:114,9
DA:115,2
DA:116,2
DA:117,0
DA:120,2
DA:121,2
DA:123,2
DA:124,2
DA:130,2
DA:132,1
DA:134,1
DA:141,1
DA:143,0
DA:147,9
DA:157,9
DA:158,4
DA:159,4
DA:160,1
DA:163,3
DA:164,3
DA:166,3
DA:167,3
DA:173,3
DA:175,2
DA:186,2
DA:188,2
DA:190,0
DA:195,9
DA:196,2
DA:197,2
DA:198,2
DA:200,2
DA:201,2
DA:207,2
DA:209,1
DA:214,1
DA:216,0
LF:76
LH:68
BRDA:31,0,0,1
BRDA:31,0,1,0
BRDA:32,1,0,1
BRDA:32,1,1,0
BRDA:33,2,0,1
BRDA:33,2,1,0
BRDA:46,3,0,1
BRDA:46,3,1,3
BRDA:60,4,0,1
BRDA:60,4,1,2
BRDA:61,5,0,1
BRDA:61,5,1,1
BRDA:81,6,0,0
BRDA:81,6,1,2
BRDA:95,7,0,0
BRDA:95,7,1,2
BRDA:96,8,0,1
BRDA:96,8,1,1
BRDA:116,9,0,0
BRDA:116,9,1,2
BRDA:130,10,0,1
BRDA:130,10,1,1
BRDA:159,11,0,1
BRDA:159,11,1,3
BRDA:173,12,0,1
BRDA:173,12,1,2
BRDA:182,13,0,1
BRDA:182,13,1,1
BRDA:198,14,0,1
BRDA:198,14,1,1
BRDA:207,15,0,1
BRDA:207,15,1,1
BRF:32
BRH:26
end_of_record
TN:
SF:src\routes\auth.ts
FN:34,sessionMeta
FN:42,(anonymous_1)
FN:107,(anonymous_2)
FN:160,(anonymous_3)
FNF:4
FNH:3
FNDA:2,sessionMeta
FNDA:6,(anonymous_1)
FNDA:4,(anonymous_2)
FNDA:0,(anonymous_3)
DA:16,9
DA:18,9
DA:22,9
DA:29,9
DA:35,2
DA:42,9
DA:43,6
DA:44,6
DA:46,4
DA:51,2
DA:53,2
DA:54,2
DA:66,2
DA:68,1
DA:71,1
DA:77,1
DA:79,0
DA:82,1
DA:84,1
DA:90,1
DA:93,1
DA:94,1
DA:96,1
DA:99,0
DA:100,0
DA:102,0
DA:107,9
DA:108,4
DA:109,4
DA:110,1
DA:113,3
DA:115,3
DA:117,3
DA:123,3
DA:125,1
DA:128,2
DA:129,2
DA:130,1
DA:134,1
DA:135,1
DA:136,0
DA:138,0
DA:143,0
DA:150,1
DA:151,1
DA:153,1
DA:155,0
DA:160,9
DA:161,0
DA:162,0
DA:164,0
DA:165,0
DA:172,0
DA:174,0
LF:54
LH:40
BRDA:36,0,0,2
BRDA:36,0,1,2
BRDA:37,1,0,2
BRDA:37,1,1,0
BRDA:44,2,0,4
BRDA:44,2,1,2
BRDA:66,3,0,1
BRDA:66,3,1,1
BRDA:77,4,0,0
BRDA:77,4,1,1
BRDA:99,5,0,0
BRDA:99,5,1,0
BRDA:109,6,0,1
BRDA:109,6,1,3
BRDA:123,7,0,1
BRDA:123,7,1,2
BRDA:129,8,0,1
BRDA:129,8,1,1
BRDA:135,9,0,0
BRDA:135,9,1,1
BRDA:136,10,0,0
BRDA:136,10,1,0
BRDA:161,11,0,0
BRDA:161,11,1,0
BRF:24
BRH:15
end_of_record
TN:
SF:src\routes\feed.ts
FN:14,postFields
FN:35,(anonymous_1)
FN:69,(anonymous_2)
FN:91,(anonymous_3)
FN:92,(anonymous_4)
FNF:5
FNH:0
FNDA:0,postFields
FNDA:0,(anonymous_1)
FNDA:0,(anonymous_2)
FNDA:0,(anonymous_3)
FNDA:0,(anonymous_4)
DA:7,8
DA:9,8
DA:11,8
DA:12,8
DA:15,0
DA:35,8
DA:36,0
DA:37,0
DA:38,0
DA:40,0
DA:41,0
DA:43,0
DA:45,0
DA:46,0
DA:48,0
DA:56,0
DA:57,0
DA:58,0
DA:64,0
DA:69,0
DA:71,0
DA:89,0
DA:90,0
DA:91,0
DA:92,0
DA:95,0
DA:96,0
DA:97,0
DA:102,0
LF:29
LH:5
BRDA:38,0,0,0
BRDA:38,0,1,0
BRDA:41,1,0,0
BRDA:41,1,1,0
BRDA:46,2,0,0
BRDA:46,2,1,0
BRDA:60,3,0,0
BRDA:60,3,1,0
BRDA:91,4,0,0
BRDA:91,4,1,0
BRDA:91,5,0,0
BRDA:91,5,1,0
BRDA:99,6,0,0
BRDA:99,6,1,0
BRF:14
BRH:0
end_of_record
TN:
SF:src\routes\messages.ts
FN:12,participantOrder
FN:21,findConversation
FN:35,findMessage
FN:58,(anonymous_3)
FN:75,(anonymous_4)
FN:126,(anonymous_5)
FN:161,(anonymous_6)
FN:186,(anonymous_7)
FN:213,(anonymous_8)
FNF:9
FNH:8
FNDA:2,participantOrder
FNDA:2,findConversation
FNDA:6,findMessage
FNDA:2,(anonymous_3)
FNDA:5,(anonymous_4)
FNDA:2,(anonymous_5)
FNDA:0,(anonymous_6)
FNDA:5,(anonymous_7)
FNDA:3,(anonymous_8)
DA:8,9
DA:10,9
DA:16,2
DA:22,2
DA:32,2
DA:36,6
DA:47,6
DA:50,9
DA:55,9
DA:58,9
DA:59,2
DA:61,2
DA:62,2
DA:68,2
DA:70,0
DA:75,9
DA:76,5
DA:77,5
DA:78,1
DA:81,4
DA:82,4
DA:84,4
DA:85,1
DA:88,3
DA:89,3
DA:95,3
DA:97,2
DA:99,2
DA:105,2
DA:106,2
DA:107,1
DA:111,1
DA:114,2
DA:119,2
DA:121,0
DA:126,9
DA:127,2
DA:128,2
DA:130,2
DA:131,2
DA:132,2
DA:134,1
DA:142,1
DA:154,1
DA:156,0
DA:161,9
DA:162,0
DA:163,0
DA:164,0
DA:167,0
DA:168,0
DA:170,0
DA:171,0
DA:172,0
DA:174,0
DA:179,0
DA:181,0
DA:186,9
DA:187,5
DA:188,5
DA:189,2
DA:192,3
DA:193,3
DA:195,3
DA:196,3
DA:197,3
DA:198,2
DA:200,1
DA:206,1
DA:208,0
DA:213,9
DA:214,3
DA:215,3
DA:217,3
DA:218,3
DA:219,3
DA:220,2
DA:222,1
DA:227,1
DA:229,0
LF:80
LH:64
BRDA:16,0,0,2
BRDA:16,0,1,0
BRDA:32,1,0,2
BRDA:32,1,1,1
BRDA:47,2,0,6
BRDA:47,2,1,2
BRDA:77,3,0,1
BRDA:77,3,1,4
BRDA:84,4,0,1
BRDA:84,4,1,3
BRDA:95,5,0,1
BRDA:95,5,1,2
BRDA:106,6,0,1
BRDA:106,6,1,1
BRDA:132,7,0,1
BRDA:132,7,1,1
BRDA:163,8,0,0
BRDA:163,8,1,0
BRDA:172,9,0,0
BRDA:172,9,1,0
BRDA:188,10,0,2
BRDA:188,10,1,3
BRDA:197,11,0,1
BRDA:197,11,1,2
BRDA:198,12,0,1
BRDA:198,12,1,1
BRDA:219,13,0,1
BRDA:219,13,1,2
BRDA:220,14,0,1
BRDA:220,14,1,1
BRF:30
BRH:25
end_of_record
TN:
SF:src\routes\notifications.ts
FN:13,(anonymous_0)
FN:51,(anonymous_1)
FN:77,(anonymous_2)
FN:82,(anonymous_3)
FN:87,(anonymous_4)
FN:92,(anonymous_5)
FNF:6
FNH:2
FNDA:3,(anonymous_0)
FNDA:2,(anonymous_1)
FNDA:0,(anonymous_2)
FNDA:0,(anonymous_3)
FNDA:0,(anonymous_4)
FNDA:0,(anonymous_5)
DA:8,8
DA:10,8
DA:13,8
DA:14,3
DA:15,3
DA:16,3
DA:17,3
DA:19,3
DA:21,3
DA:22,3
DA:44,3
DA:46,0
DA:51,8
DA:52,2
DA:53,2
DA:55,2
DA:56,2
DA:68,2
DA:70,1
DA:72,0
DA:77,8
DA:78,0
DA:82,8
DA:83,0
DA:87,8
DA:88,0
DA:92,8
DA:93,0
LF:28
LH:22
BRDA:15,0,0,3
BRDA:15,0,1,2
BRDA:16,1,0,3
BRDA:16,1,1,2
BRDA:68,2,0,1
BRDA:68,2,1,1
BRF:6
BRH:6
end_of_record
TN:
SF:src\routes\posts.ts
FN:23,(anonymous_0)
FN:41,(anonymous_1)
FN:62,(anonymous_2)
FN:67,(anonymous_3)
FN:99,(anonymous_4)
FN:141,(anonymous_5)
FN:156,(anonymous_6)
FN:204,(anonymous_7)
FN:258,(anonymous_8)
FN:290,(anonymous_9)
FNF:10
FNH:5
FNDA:0,(anonymous_0)
FNDA:0,(anonymous_1)
FNDA:0,(anonymous_2)
FNDA:5,(anonymous_3)
FNDA:0,(anonymous_4)
FNDA:0,(anonymous_5)
FNDA:5,(anonymous_6)
FNDA:5,(anonymous_7)
FNDA:4,(anonymous_8)
FNDA:3,(anonymous_9)
DA:14,8
DA:16,8
DA:18,8
DA:23,8
DA:24,0
DA:25,0
DA:26,0
DA:29,0
DA:30,0
DA:34,0
DA:36,0
DA:41,8
DA:42,0
DA:44,0
DA:45,0
DA:51,0
DA:52,0
DA:54,0
DA:55,0
DA:57,0
DA:62,8
DA:63,0
DA:67,8
DA:68,5
DA:69,5
DA:71,5
DA:72,5
DA:73,2
DA:76,3
DA:77,3
DA:83,3
DA:84,2
DA:86,1
DA:92,1
DA:94,0
DA:99,8
DA:100,0
DA:101,0
DA:103,0
DA:104,0
DA:110,0
DA:112,0
DA:114,0
DA:115,0
DA:121,0
DA:122,0
DA:131,0
DA:133,0
DA:134,0
DA:135,0
DA:136,0
DA:141,8
DA:142,0
DA:144,0
DA:145,0
DA:148,0
DA:150,0
DA:151,0
DA:156,8
DA:157,5
DA:158,5
DA:160,5
DA:161,5
DA:162,2
DA:165,3
DA:166,3
DA:172,3
DA:174,2
DA:179,2
DA:180,1
DA:186,1
DA:187,1
DA:197,2
DA:199,0
DA:204,8
DA:205,5
DA:206,5
DA:208,5
DA:209,5
DA:210,1
DA:213,4
DA:214,4
DA:220,4
DA:222,3
DA:224,5
DA:234,3
DA:235,1
DA:241,1
DA:242,1
DA:251,3
DA:253,0
DA:258,8
DA:259,4
DA:260,4
DA:262,4
DA:263,4
DA:264,1
DA:267,3
DA:268,3
DA:274,3
DA:275,2
DA:277,1
DA:283,1
DA:285,0
DA:290,8
DA:291,3
DA:292,3
DA:294,3
DA:295,3
DA:301,3
DA:302,2
DA:304,1
DA:305,1
DA:307,0
LF:114
LH:72
BRDA:25,0,0,0
BRDA:25,0,1,0
BRDA:51,1,0,0
BRDA:51,1,1,0
BRDA:52,2,0,0
BRDA:52,2,1,0
BRDA:72,3,0,2
BRDA:72,3,1,3
BRDA:83,4,0,1
BRDA:83,4,1,2
BRDA:84,5,0,1
BRDA:84,5,1,1
BRDA:110,6,0,0
BRDA:110,6,1,0
BRDA:114,7,0,0
BRDA:114,7,1,0
BRDA:121,8,0,0
BRDA:121,8,1,0
BRDA:121,9,0,0
BRDA:121,9,1,0
BRDA:133,10,0,0
BRDA:133,10,1,0
BRDA:134,11,0,0
BRDA:134,11,1,0
BRDA:161,12,0,2
BRDA:161,12,1,3
BRDA:172,13,0,1
BRDA:172,13,1,2
BRDA:179,14,0,1
BRDA:179,14,1,1
BRDA:186,15,0,1
BRDA:186,15,1,0
BRDA:186,16,0,1
BRDA:186,16,1,1
BRDA:209,17,0,1
BRDA:209,17,1,4
BRDA:220,18,0,1
BRDA:220,18,1,3
BRDA:222,19,0,3
BRDA:222,19,1,1
BRDA:228,20,0,5
BRDA:228,20,1,2
BRDA:234,21,0,1
BRDA:234,21,1,2
BRDA:241,22,0,1
BRDA:241,22,1,0
BRDA:241,23,0,1
BRDA:241,23,1,1
BRDA:263,24,0,1
BRDA:263,24,1,3
BRDA:274,25,0,1
BRDA:274,25,1,2
BRDA:275,26,0,1
BRDA:275,26,1,1
BRDA:301,27,0,1
BRDA:301,27,1,2
BRDA:302,28,0,1
BRDA:302,28,1,1
BRF:58
BRH:38
end_of_record
TN:
SF:src\routes\search.ts
FN:13,(anonymous_0)
FN:38,(anonymous_1)
FNF:2
FNH:2
FNDA:5,(anonymous_0)
FNDA:2,(anonymous_1)
DA:8,8
DA:10,8
DA:13,8
DA:14,5
DA:15,5
DA:16,5
DA:17,5
DA:18,5
DA:20,5
DA:22,4
DA:23,4
DA:25,4
DA:26,3
DA:38,3
DA:41,4
DA:42,3
DA:65,3
DA:68,4
DA:70,0
DA:71,0
LF:20
LH:18
BRDA:16,0,0,5
BRDA:16,0,1,5
BRDA:17,1,0,5
BRDA:17,1,1,5
BRDA:20,2,0,1
BRDA:20,2,1,4
BRDA:25,3,0,3
BRDA:25,3,1,1
BRDA:25,4,0,4
BRDA:25,4,1,2
BRDA:41,5,0,3
BRDA:41,5,1,1
BRDA:41,6,0,4
BRDA:41,6,1,2
BRF:14
BRH:14
end_of_record
TN:
SF:src\routes\users.ts
FN:22,resolveActiveUserId
FN:60,(anonymous_1)
FN:90,(anonymous_2)
FN:122,(anonymous_3)
FN:154,(anonymous_4)
FN:175,(anonymous_5)
FN:210,(anonymous_6)
FN:227,(anonymous_7)
FN:270,(anonymous_8)
FN:301,(anonymous_9)
FN:320,(anonymous_10)
FN:327,(anonymous_11)
FN:346,(anonymous_12)
FNF:13
FNH:8
FNDA:7,resolveActiveUserId
FNDA:0,(anonymous_1)
FNDA:0,(anonymous_2)
FNDA:4,(anonymous_3)
FNDA:2,(anonymous_4)
FNDA:3,(anonymous_5)
FNDA:0,(anonymous_6)
FNDA:0,(anonymous_7)
FNDA:0,(anonymous_8)
FNDA:4,(anonymous_9)
FNDA:2,(anonymous_10)
FNDA:3,(anonymous_11)
FNDA:1,(anonymous_12)
DA:17,8
DA:19,8
DA:23,7
DA:27,7
DA:33,7
DA:36,8
DA:45,8
DA:50,8
DA:60,8
DA:61,0
DA:62,0
DA:64,0
DA:69,0
DA:70,0
DA:71,0
DA:74,0
DA:75,0
DA:80,0
DA:81,0
DA:83,0
DA:87,8
DA:90,8
DA:91,0
DA:92,0
DA:94,0
DA:96,0
DA:97,0
DA:103,0
DA:104,0
DA:108,0
DA:113,0
DA:115,0
DA:117,0
DA:122,8
DA:123,4
DA:124,4
DA:125,2
DA:128,2
DA:130,2
DA:131,2
DA:137,2
DA:138,1
DA:141,1
DA:142,1
DA:147,1
DA:149,0
DA:154,8
DA:155,2
DA:156,2
DA:167,2
DA:168,1
DA:170,0
DA:175,8
DA:176,3
DA:177,3
DA:178,1
DA:181,2
DA:182,2
DA:183,1
DA:186,1
DA:187,1
DA:192,1
DA:203,1
DA:205,0
DA:210,8
DA:211,0
DA:212,0
DA:214,0
DA:215,0
DA:216,0
DA:218,0
DA:220,0
DA:222,0
DA:227,8
DA:228,0
DA:230,0
DA:231,0
DA:232,0
DA:233,0
DA:235,0
DA:237,0
DA:242,0
DA:245,0
DA:251,0
DA:252,0
DA:259,0
DA:262,0
DA:263,0
DA:265,0
DA:270,8
DA:271,0
DA:273,0
DA:274,0
DA:275,0
DA:276,0
DA:279,0
DA:289,0
DA:291,0
DA:294,0
DA:296,0
DA:301,8
DA:302,4
DA:303,4
DA:304,4
DA:305,4
DA:307,4
DA:308,4
DA:309,4
DA:311,3
DA:320,3
DA:322,0
DA:327,8
DA:328,3
DA:329,3
DA:330,3
DA:331,3
DA:333,3
DA:334,3
DA:335,3
DA:337,2
DA:346,2
DA:348,0
LF:122
LH:62
BRDA:23,0,0,7
BRDA:23,0,1,0
BRDA:33,1,0,7
BRDA:33,1,1,2
BRDA:62,2,0,0
BRDA:62,2,1,0
BRDA:70,3,0,0
BRDA:70,3,1,0
BRDA:91,4,0,0
BRDA:91,4,1,0
BRDA:92,5,0,0
BRDA:92,5,1,0
BRDA:96,6,0,0
BRDA:96,6,1,0
BRDA:103,7,0,0
BRDA:103,7,1,0
BRDA:103,8,0,0
BRDA:103,8,1,0
BRDA:124,9,0,2
BRDA:124,9,1,2
BRDA:137,10,0,1
BRDA:137,10,1,1
BRDA:137,11,0,2
BRDA:137,11,1,2
BRDA:167,12,0,1
BRDA:167,12,1,1
BRDA:177,13,0,1
BRDA:177,13,1,2
BRDA:182,14,0,1
BRDA:182,14,1,1
BRDA:212,15,0,0
BRDA:212,15,1,0
BRDA:216,16,0,0
BRDA:216,16,1,0
BRDA:232,17,0,0
BRDA:232,17,1,0
BRDA:235,18,0,0
BRDA:235,18,1,0
BRDA:251,19,0,0
BRDA:251,19,1,0
BRDA:251,20,0,0
BRDA:251,20,1,0
BRDA:262,21,0,0
BRDA:262,21,1,0
BRDA:275,22,0,0
BRDA:275,22,1,0
BRDA:289,23,0,0
BRDA:289,23,1,0
BRDA:303,24,0,4
BRDA:303,24,1,4
BRDA:304,25,0,4
BRDA:304,25,1,4
BRDA:309,26,0,1
BRDA:309,26,1,3
BRDA:329,27,0,3
BRDA:329,27,1,3
BRDA:330,28,0,3
BRDA:330,28,1,3
BRDA:335,29,0,1
BRDA:335,29,1,2
BRF:60
BRH:27
end_of_record
